<?xml version="1.0" encoding="UTF-8"?>
<testsuite name="no.hvl.dat250.jpa.tutorial.creditcards.driver.CreditCardsMainTest" tests="1" skipped="0" failures="1" errors="0" timestamp="2024-09-22T22:34:49" hostname="DESKTOP-QUJATV4" time="3.678">
  <properties/>
  <testcase name="testDomainModelPersistence()" classname="no.hvl.dat250.jpa.tutorial.creditcards.driver.CreditCardsMainTest" time="3.678">
    <failure message="org.opentest4j.AssertionFailedError: expected: &lt;1&gt; but was: &lt;2&gt;" type="org.opentest4j.AssertionFailedError">org.opentest4j.AssertionFailedError: expected: &lt;1&gt; but was: &lt;2&gt;
	at app//org.junit.jupiter.api.AssertionFailureBuilder.build(AssertionFailureBuilder.java:151)
	at app//org.junit.jupiter.api.AssertionFailureBuilder.buildAndThrow(AssertionFailureBuilder.java:132)
	at app//org.junit.jupiter.api.AssertEquals.failNotEqual(AssertEquals.java:197)
	at app//org.junit.jupiter.api.AssertEquals.assertEquals(AssertEquals.java:182)
	at app//org.junit.jupiter.api.AssertEquals.assertEquals(AssertEquals.java:177)
	at app//org.junit.jupiter.api.Assertions.assertEquals(Assertions.java:656)
	at app//no.hvl.dat250.jpa.tutorial.creditcards.driver.CreditCardsMainTest.testDomainModelPersistence(CreditCardsMainTest.java:66)
	at java.base@21.0.4/java.lang.reflect.Method.invoke(Method.java:580)
	at java.base@21.0.4/java.util.ArrayList.forEach(ArrayList.java:1596)
	at java.base@21.0.4/java.util.ArrayList.forEach(ArrayList.java:1596)
</failure>
  </testcase>
  <system-out><![CDATA[Hibernate: 
    drop table if exists Address cascade 
Hibernate: 
    drop table if exists Bank cascade 
Hibernate: 
    drop table if exists CreditCard cascade 
Hibernate: 
    drop table if exists Customer cascade 
Hibernate: 
    drop table if exists customer_address cascade 
Hibernate: 
    drop table if exists customer_creditcard cascade 
Hibernate: 
    drop table if exists Family cascade 
Hibernate: 
    drop table if exists Job cascade 
Hibernate: 
    drop table if exists Person cascade 
Hibernate: 
    drop table if exists Person_Job cascade 
Hibernate: 
    drop table if exists Pincode cascade 
Hibernate: 
    drop table if exists Todo cascade 
Hibernate: 
    create table Address (
        number integer,
        id bigint generated by default as identity,
        street varchar(255),
        primary key (id)
    )
Hibernate: 
    create table Bank (
        id bigint generated by default as identity,
        name varchar(255),
        primary key (id)
    )
Hibernate: 
    create table CreditCard (
        balance integer,
        creditLimit integer,
        number integer,
        bank_id bigint,
        id bigint generated by default as identity,
        pincode_id bigint,
        primary key (id)
    )
Hibernate: 
    create table Customer (
        id bigint generated by default as identity,
        name varchar(255),
        primary key (id)
    )
Hibernate: 
    create table customer_address (
        address_id bigint not null,
        customer_id bigint not null,
        primary key (address_id, customer_id)
    )
Hibernate: 
    create table customer_creditcard (
        creditcard_id bigint not null,
        customer_id bigint not null
    )
Hibernate: 
    create table Family (
        id bigint generated by default as identity,
        description varchar(255),
        primary key (id)
    )
Hibernate: 
    create table Job (
        salary float(53) not null,
        id bigint generated by default as identity,
        jobDescr varchar(255),
        primary key (id)
    )
Hibernate: 
    create table Person (
        family_id bigint,
        id bigint generated by default as identity,
        firstName varchar(255),
        lastName varchar(255),
        primary key (id)
    )
Hibernate: 
    create table Person_Job (
        Person_id bigint not null,
        jobList_id bigint not null unique
    )
Hibernate: 
    create table Pincode (
        count integer,
        id bigint generated by default as identity,
        pincode varchar(255),
        primary key (id)
    )
Hibernate: 
    create table Todo (
        id bigint generated by default as identity,
        description varchar(255),
        summary varchar(255),
        primary key (id)
    )
Hibernate: 
    alter table if exists CreditCard 
       add constraint FKe2wqhnxpkjp87b3eyfq6gl39a 
       foreign key (bank_id) 
       references Bank
Hibernate: 
    alter table if exists CreditCard 
       add constraint FKfky0y471d7n8cebc1oe28idci 
       foreign key (pincode_id) 
       references Pincode
Hibernate: 
    alter table if exists customer_address 
       add constraint FK4n1t9cnxhkev5vdbedu0ao068 
       foreign key (address_id) 
       references Address
Hibernate: 
    alter table if exists customer_address 
       add constraint FK7dy564lg4tac3m50d3ws4mhc4 
       foreign key (customer_id) 
       references Customer
Hibernate: 
    alter table if exists customer_creditcard 
       add constraint FKbqtt4y8vkl6a0hk4ud19wci0g 
       foreign key (creditcard_id) 
       references CreditCard
Hibernate: 
    alter table if exists customer_creditcard 
       add constraint FKfjq2xyx1jh83r4h1t7f18kxj 
       foreign key (customer_id) 
       references Customer
Hibernate: 
    alter table if exists Person 
       add constraint FKq5c84kpy1ioamtt7ht5c270dm 
       foreign key (family_id) 
       references Family
Hibernate: 
    alter table if exists Person_Job 
       add constraint FKb784yqmsn896esmtk1xnlbj5m 
       foreign key (jobList_id) 
       references Job
Hibernate: 
    alter table if exists Person_Job 
       add constraint FKjgqlaq1rryygfeeo6v0uhjy7p 
       foreign key (Person_id) 
       references Person
Hibernate: 
    drop table if exists Address cascade 
Hibernate: 
    drop table if exists Bank cascade 
Hibernate: 
    drop table if exists CreditCard cascade 
Hibernate: 
    drop table if exists Customer cascade 
Hibernate: 
    drop table if exists customer_address cascade 
Hibernate: 
    drop table if exists customer_creditcard cascade 
Hibernate: 
    drop table if exists Family cascade 
Hibernate: 
    drop table if exists Job cascade 
Hibernate: 
    drop table if exists Person cascade 
Hibernate: 
    drop table if exists Person_Job cascade 
Hibernate: 
    drop table if exists Pincode cascade 
Hibernate: 
    drop table if exists Todo cascade 
Hibernate: 
    create table Address (
        number integer,
        id bigint generated by default as identity,
        street varchar(255),
        primary key (id)
    )
Hibernate: 
    create table Bank (
        id bigint generated by default as identity,
        name varchar(255),
        primary key (id)
    )
Hibernate: 
    create table CreditCard (
        balance integer,
        creditLimit integer,
        number integer,
        bank_id bigint,
        id bigint generated by default as identity,
        pincode_id bigint,
        primary key (id)
    )
Hibernate: 
    create table Customer (
        id bigint generated by default as identity,
        name varchar(255),
        primary key (id)
    )
Hibernate: 
    create table customer_address (
        address_id bigint not null,
        customer_id bigint not null,
        primary key (address_id, customer_id)
    )
Hibernate: 
    create table customer_creditcard (
        creditcard_id bigint not null,
        customer_id bigint not null
    )
Hibernate: 
    create table Family (
        id bigint generated by default as identity,
        description varchar(255),
        primary key (id)
    )
Hibernate: 
    create table Job (
        salary float(53) not null,
        id bigint generated by default as identity,
        jobDescr varchar(255),
        primary key (id)
    )
Hibernate: 
    create table Person (
        family_id bigint,
        id bigint generated by default as identity,
        firstName varchar(255),
        lastName varchar(255),
        primary key (id)
    )
Hibernate: 
    create table Person_Job (
        Person_id bigint not null,
        jobList_id bigint not null unique
    )
Hibernate: 
    create table Pincode (
        count integer,
        id bigint generated by default as identity,
        pincode varchar(255),
        primary key (id)
    )
Hibernate: 
    create table Todo (
        id bigint generated by default as identity,
        description varchar(255),
        summary varchar(255),
        primary key (id)
    )
Hibernate: 
    alter table if exists CreditCard 
       add constraint FKe2wqhnxpkjp87b3eyfq6gl39a 
       foreign key (bank_id) 
       references Bank
Hibernate: 
    alter table if exists CreditCard 
       add constraint FKfky0y471d7n8cebc1oe28idci 
       foreign key (pincode_id) 
       references Pincode
Hibernate: 
    alter table if exists customer_address 
       add constraint FK4n1t9cnxhkev5vdbedu0ao068 
       foreign key (address_id) 
       references Address
Hibernate: 
    alter table if exists customer_address 
       add constraint FK7dy564lg4tac3m50d3ws4mhc4 
       foreign key (customer_id) 
       references Customer
Hibernate: 
    alter table if exists customer_creditcard 
       add constraint FKbqtt4y8vkl6a0hk4ud19wci0g 
       foreign key (creditcard_id) 
       references CreditCard
Hibernate: 
    alter table if exists customer_creditcard 
       add constraint FKfjq2xyx1jh83r4h1t7f18kxj 
       foreign key (customer_id) 
       references Customer
Hibernate: 
    alter table if exists Person 
       add constraint FKq5c84kpy1ioamtt7ht5c270dm 
       foreign key (family_id) 
       references Family
Hibernate: 
    alter table if exists Person_Job 
       add constraint FKb784yqmsn896esmtk1xnlbj5m 
       foreign key (jobList_id) 
       references Job
Hibernate: 
    alter table if exists Person_Job 
       add constraint FKjgqlaq1rryygfeeo6v0uhjy7p 
       foreign key (Person_id) 
       references Person
Hibernate: 
    insert 
    into
        Bank
        (name, id) 
    values
        (?, default)
Hibernate: 
    insert 
    into
        CreditCard
        (balance, creditLimit, number, bank_id, pincode_id, id) 
    values
        (?, ?, ?, ?, ?, default)
Hibernate: 
    insert 
    into
        CreditCard
        (balance, creditLimit, number, bank_id, pincode_id, id) 
    values
        (?, ?, ?, ?, ?, default)
Hibernate: 
    insert 
    into
        Pincode
        (count, pincode, id) 
    values
        (?, ?, default)
Hibernate: 
    insert 
    into
        Pincode
        (count, pincode, id) 
    values
        (?, ?, default)
Hibernate: 
    insert 
    into
        Address
        (number, street, id) 
    values
        (?, ?, default)
Hibernate: 
    insert 
    into
        Customer
        (name, id) 
    values
        (?, default)
Hibernate: 
    update
        CreditCard 
    set
        balance=?,
        creditLimit=?,
        number=?,
        bank_id=?,
        pincode_id=? 
    where
        id=?
Hibernate: 
    update
        CreditCard 
    set
        balance=?,
        creditLimit=?,
        number=?,
        bank_id=?,
        pincode_id=? 
    where
        id=?
Hibernate: 
    insert 
    into
        customer_address
        (customer_id, address_id) 
    values
        (?, ?)
Hibernate: 
    insert 
    into
        customer_creditcard
        (customer_id, creditcard_id) 
    values
        (?, ?)
Hibernate: 
    insert 
    into
        customer_creditcard
        (customer_id, creditcard_id) 
    values
        (?, ?)
Hibernate: 
    select
        c1_0.id,
        c1_0.name 
    from
        Customer c1_0 
    where
        c1_0.id=?
Hibernate: 
    select
        a1_0.customer_id,
        a1_1.id,
        a1_1.number,
        a1_1.street 
    from
        customer_address a1_0 
    join
        Address a1_1 
            on a1_1.id=a1_0.address_id 
    where
        a1_0.customer_id=?
Number of addresses for customer: 1
Addresses before assertion: [no.hvl.dat250.jpa.tutorial.creditcards.Address@c190cfc]
Hibernate: 
    select
        o1_0.address_id,
        o1_1.id,
        o1_1.name 
    from
        customer_address o1_0 
    join
        Customer o1_1 
            on o1_1.id=o1_0.customer_id 
    where
        o1_0.address_id=?
Hibernate: 
    select
        cc1_0.customer_id,
        cc1_1.id,
        cc1_1.balance,
        cc1_1.creditLimit,
        cc1_1.number,
        ob1_0.id,
        ob1_0.name,
        p1_0.id,
        p1_0.count,
        p1_0.pincode 
    from
        customer_creditcard cc1_0 
    join
        CreditCard cc1_1 
            on cc1_1.id=cc1_0.creditcard_id 
    left join
        Bank ob1_0 
            on ob1_0.id=cc1_1.bank_id 
    left join
        Pincode p1_0 
            on p1_0.id=cc1_1.pincode_id 
    where
        cc1_0.customer_id=?
]]></system-out>
  <system-err><![CDATA[sept 23, 2024 12:34:49 A. M. org.hibernate.jpa.internal.util.LogHelper logPersistenceUnitInformation
INFO: HHH000204: Processing PersistenceUnitInfo [name: jpa-tutorial]
sept 23, 2024 12:34:49 A. M. org.hibernate.Version logVersion
INFO: HHH000412: Hibernate ORM core version 6.6.0.Final
sept 23, 2024 12:34:49 A. M. org.hibernate.cache.internal.RegionFactoryInitiator initiateService
INFO: HHH000026: Second-level cache disabled
sept 23, 2024 12:34:49 A. M. org.hibernate.engine.jdbc.connections.internal.DriverManagerConnectionProviderImpl configure
WARN: HHH10001002: Using built-in connection pool (not intended for production use)
sept 23, 2024 12:34:50 A. M. org.hibernate.engine.jdbc.dialect.internal.DialectFactoryImpl constructDialect
WARN: HHH90000025: H2Dialect does not need to be specified explicitly using 'hibernate.dialect' (remove the property setting and it will be selected by default)
sept 23, 2024 12:34:50 A. M. org.hibernate.engine.jdbc.env.internal.JdbcEnvironmentInitiator initiateService
INFO: HHH10001005: Database info:
	Database JDBC URL [jdbc:h2:file:./DB;DB_CLOSE_DELAY=-1]
	Database driver: org.h2.Driver
	Database version: 2.2.220
	Autocommit mode: false
	Isolation level: undefined/unknown
	Minimum pool size: 1
	Maximum pool size: 1
sept 23, 2024 12:34:52 A. M. org.hibernate.engine.transaction.jta.platform.internal.JtaPlatformInitiator initiateService
INFO: HHH000489: No JTA platform available (set 'hibernate.transaction.jta.platform' to enable JTA platform integration)
sept 23, 2024 12:34:52 A. M. org.hibernate.resource.transaction.backend.jdbc.internal.DdlTransactionIsolatorNonJtaImpl getIsolatedConnection
INFO: HHH10001501: Connection obtained from JdbcConnectionAccess [org.hibernate.engine.jdbc.env.internal.JdbcEnvironmentInitiator$ConnectionProviderJdbcConnectionAccess@5c76fce4] for (non-JTA) DDL execution was not in auto-commit mode; the Connection 'local transaction' will be committed and the Connection will be set into auto-commit mode.
sept 23, 2024 12:34:52 A. M. org.hibernate.resource.transaction.backend.jdbc.internal.DdlTransactionIsolatorNonJtaImpl getIsolatedConnection
INFO: HHH10001501: Connection obtained from JdbcConnectionAccess [org.hibernate.engine.jdbc.env.internal.JdbcEnvironmentInitiator$ConnectionProviderJdbcConnectionAccess@4948daec] for (non-JTA) DDL execution was not in auto-commit mode; the Connection 'local transaction' will be committed and the Connection will be set into auto-commit mode.
sept 23, 2024 12:34:52 A. M. org.hibernate.jpa.internal.util.LogHelper logPersistenceUnitInformation
INFO: HHH000204: Processing PersistenceUnitInfo [name: jpa-tutorial]
sept 23, 2024 12:34:52 A. M. org.hibernate.cache.internal.RegionFactoryInitiator initiateService
INFO: HHH000026: Second-level cache disabled
sept 23, 2024 12:34:52 A. M. org.hibernate.engine.jdbc.connections.internal.DriverManagerConnectionProviderImpl configure
WARN: HHH10001002: Using built-in connection pool (not intended for production use)
sept 23, 2024 12:34:52 A. M. org.hibernate.engine.jdbc.dialect.internal.DialectFactoryImpl constructDialect
WARN: HHH90000025: H2Dialect does not need to be specified explicitly using 'hibernate.dialect' (remove the property setting and it will be selected by default)
sept 23, 2024 12:34:52 A. M. org.hibernate.engine.jdbc.env.internal.JdbcEnvironmentInitiator initiateService
INFO: HHH10001005: Database info:
	Database JDBC URL [jdbc:h2:file:./DB;DB_CLOSE_DELAY=-1]
	Database driver: org.h2.Driver
	Database version: 2.2.220
	Autocommit mode: false
	Isolation level: undefined/unknown
	Minimum pool size: 1
	Maximum pool size: 1
sept 23, 2024 12:34:52 A. M. org.hibernate.engine.transaction.jta.platform.internal.JtaPlatformInitiator initiateService
INFO: HHH000489: No JTA platform available (set 'hibernate.transaction.jta.platform' to enable JTA platform integration)
sept 23, 2024 12:34:52 A. M. org.hibernate.resource.transaction.backend.jdbc.internal.DdlTransactionIsolatorNonJtaImpl getIsolatedConnection
INFO: HHH10001501: Connection obtained from JdbcConnectionAccess [org.hibernate.engine.jdbc.env.internal.JdbcEnvironmentInitiator$ConnectionProviderJdbcConnectionAccess@61c87f1b] for (non-JTA) DDL execution was not in auto-commit mode; the Connection 'local transaction' will be committed and the Connection will be set into auto-commit mode.
sept 23, 2024 12:34:52 A. M. org.hibernate.resource.transaction.backend.jdbc.internal.DdlTransactionIsolatorNonJtaImpl getIsolatedConnection
INFO: HHH10001501: Connection obtained from JdbcConnectionAccess [org.hibernate.engine.jdbc.env.internal.JdbcEnvironmentInitiator$ConnectionProviderJdbcConnectionAccess@1857fe6c] for (non-JTA) DDL execution was not in auto-commit mode; the Connection 'local transaction' will be committed and the Connection will be set into auto-commit mode.
]]></system-err>
</testsuite>
